"E:\CLion\CLion 2024.2.2\bin\cmake\win\x64\bin\cmake.exe" -DCMAKE_BUILD_TYPE=Debug -G "MinGW Makefiles" -S \\wsl$\Ubuntu\home\goldglaid\OSLabs -B \\wsl$\Ubuntu\home\goldglaid\OSLabs\cmake-build-debug
-- The C compiler identification is unknown
-- Detecting C compiler ABI info
-- Detecting C compiler ABI info - failed
-- Check for working C compiler: E:/CLion/CLion 2024.2.2/bin/mingw/bin/gcc.exe
-- Check for working C compiler: E:/CLion/CLion 2024.2.2/bin/mingw/bin/gcc.exe - broken
CMake Error at E:/CLion/CLion 2024.2.2/bin/cmake/win/x64/share/cmake-3.29/Modules/CMakeTestCCompiler.cmake:67 (message):
  The C compiler

    "E:/CLion/CLion 2024.2.2/bin/mingw/bin/gcc.exe"

  is not able to compile a simple test program.

  It fails with the following output:

    Change Dir: '//wsl$/Ubuntu/home/goldglaid/OSLabs/cmake-build-debug/CMakeFiles/CMakeScratch/TryCompile-9mrixx'
    
    Run Build Command(s): "E:/CLion/CLion 2024.2.2/bin/cmake/win/x64/bin/cmake.exe" -E env VERBOSE=1 E:/CLion/CLION2~1.2/bin/mingw/bin/mingw32-make.exe -f Makefile cmTC_5780f/fast
    E:/CLion/CLION2~1.2/bin/mingw/bin/mingw32-make.exe  -f CMakeFiles\cmTC_5780f.dir\build.make CMakeFiles/cmTC_5780f.dir/build
    mingw32-make[1]: Entering directory '//wsl$/Ubuntu/home/goldglaid/OSLabs/cmake-build-debug/CMakeFiles/CMakeScratch/TryCompile-9mrixx'
    Building C object CMakeFiles/cmTC_5780f.dir/testCCompiler.c.obj
    E:\CLion\CLION2~1.2\bin\mingw\bin\gcc.exe    -o CMakeFiles\cmTC_5780f.dir\testCCompiler.c.obj -c "\\wsl$\Ubuntu\home\goldglaid\OSLabs\cmake-build-debug\CMakeFiles\CMakeScratch\TryCompile-9mrixx\testCCompiler.c"
    Assembler messages:
    Fatal error: can't create CMakeFiles\cmTC_5780f.dir\testCCompiler.c.obj: Invalid argument
    mingw32-make[1]: *** [CMakeFiles\cmTC_5780f.dir\build.make:77: CMakeFiles/cmTC_5780f.dir/testCCompiler.c.obj] Error 1
    mingw32-make[1]: Leaving directory '//wsl$/Ubuntu/home/goldglaid/OSLabs/cmake-build-debug/CMakeFiles/CMakeScratch/TryCompile-9mrixx'
    mingw32-make: *** [Makefile:126: cmTC_5780f/fast] Error 2
    
    

  

  CMake will not be able to correctly generate this project.
Call Stack (most recent call first):
  CMakeLists.txt:2 (project)


-- Configuring incomplete, errors occurred!
